{"numTotalTestSuites":21,"numPassedTestSuites":18,"numFailedTestSuites":3,"numPendingTestSuites":0,"numTotalTests":37,"numPassedTests":36,"numFailedTests":1,"numPendingTests":0,"numTodoTests":0,"snapshot":{"added":0,"failure":false,"filesAdded":0,"filesRemoved":0,"filesRemovedList":[],"filesUnmatched":0,"filesUpdated":0,"matched":0,"total":0,"unchecked":0,"uncheckedKeysByFile":[],"unmatched":0,"updated":0,"didUpdate":false},"startTime":1774981289398,"success":false,"testResults":[{"assertionResults":[{"ancestorTitles":["ObsidianExportService"],"fullName":"ObsidianExportService should format and write notes correctly","status":"passed","title":"should format and write notes correctly","duration":13.283899999999903,"failureMessages":[],"meta":{},"tags":[]},{"ancestorTitles":["ObsidianExportService"],"fullName":"ObsidianExportService should place NPCs in the correct folder","status":"passed","title":"should place NPCs in the correct folder","duration":0.39640000000008513,"failureMessages":[],"meta":{},"tags":[]},{"ancestorTitles":["ObsidianExportService"],"fullName":"ObsidianExportService should sanitize file names","status":"passed","title":"should sanitize file names","duration":0.23690000000010514,"failureMessages":[],"meta":{},"tags":[]}],"startTime":1774981290789,"endTime":1774981290803.2368,"status":"passed","message":"","name":"C:/Projet_David/GM-OS-v5/src/modules/session/ObsidianExportService.test.ts"},{"assertionResults":[{"ancestorTitles":["useCampaignEditor"],"fullName":"useCampaignEditor initializes with active campaign when not new","status":"passed","title":"initializes with active campaign when not new","duration":10.309799999999996,"failureMessages":[],"meta":{},"tags":[]},{"ancestorTitles":["useCampaignEditor"],"fullName":"useCampaignEditor initializes empty state when isNew is true","status":"passed","title":"initializes empty state when isNew is true","duration":1.3806999999999334,"failureMessages":[],"meta":{},"tags":[]},{"ancestorTitles":["useCampaignEditor"],"fullName":"useCampaignEditor handles form submission for existing campaign","status":"passed","title":"handles form submission for existing campaign","duration":3.458699999999908,"failureMessages":[],"meta":{},"tags":[]},{"ancestorTitles":["useCampaignEditor"],"fullName":"useCampaignEditor handles form submission for new campaign","status":"passed","title":"handles form submission for new campaign","duration":1.772899999999936,"failureMessages":[],"meta":{},"tags":[]}],"startTime":1774981290841,"endTime":1774981290857.773,"status":"passed","message":"","name":"C:/Projet_David/GM-OS-v5/src/modules/session/hooks/useCampaignEditor.test.ts"},{"assertionResults":[{"ancestorTitles":["useCharacterEditor"],"fullName":"useCharacterEditor initializes localData from character matching template schema","status":"passed","title":"initializes localData from character matching template schema","duration":11.629599999999982,"failureMessages":[],"meta":{},"tags":[]},{"ancestorTitles":["useCharacterEditor"],"fullName":"useCharacterEditor updates localData but does not save immediately","status":"passed","title":"updates localData but does not save immediately","duration":1.9054000000000997,"failureMessages":[],"meta":{},"tags":[]},{"ancestorTitles":["useCharacterEditor"],"fullName":"useCharacterEditor saves localData and narrative to the store on handleSave","status":"passed","title":"saves localData and narrative to the store on handleSave","duration":3.0416000000000167,"failureMessages":[],"meta":{},"tags":[]},{"ancestorTitles":["useCharacterEditor"],"fullName":"useCharacterEditor exposes direct update helpers safely","status":"passed","title":"exposes direct update helpers safely","duration":1.2985000000001037,"failureMessages":[],"meta":{},"tags":[]}],"startTime":1774981290842,"endTime":1774981290860.2986,"status":"passed","message":"","name":"C:/Projet_David/GM-OS-v5/src/modules/session/hooks/useCharacterEditor.test.ts"},{"assertionResults":[{"ancestorTitles":["useRuleEngine"],"fullName":"useRuleEngine returns the editing driver properly","status":"passed","title":"returns the editing driver properly","duration":13.384700000000066,"failureMessages":[],"meta":{},"tags":[]},{"ancestorTitles":["useRuleEngine"],"fullName":"useRuleEngine syncs gems on mount","status":"passed","title":"syncs gems on mount","duration":1.3260999999999967,"failureMessages":[],"meta":{},"tags":[]},{"ancestorTitles":["useRuleEngine"],"fullName":"useRuleEngine handles tab changes","status":"passed","title":"handles tab changes","duration":1.8645999999998821,"failureMessages":[],"meta":{},"tags":[]},{"ancestorTitles":["useRuleEngine"],"fullName":"useRuleEngine calls updateGameDriver on handleUpdate","status":"passed","title":"calls updateGameDriver on handleUpdate","duration":2.153099999999995,"failureMessages":[],"meta":{},"tags":[]},{"ancestorTitles":["useRuleEngine"],"fullName":"useRuleEngine exits editing mode on handleBack","status":"passed","title":"exits editing mode on handleBack","duration":2.3150000000000546,"failureMessages":[],"meta":{},"tags":[]}],"startTime":1774981290802,"endTime":1774981290823.315,"status":"passed","message":"","name":"C:/Projet_David/GM-OS-v5/src/modules/session/hooks/useRuleEngine.test.ts"},{"assertionResults":[{"ancestorTitles":["handleAddChronicle (crossDomainHelpers.ts)"],"fullName":"handleAddChronicle (crossDomainHelpers.ts) adds a new campaign when it does not exist","status":"passed","title":"adds a new campaign when it does not exist","duration":4.280999999999949,"failureMessages":[],"meta":{},"tags":[]},{"ancestorTitles":["handleAddChronicle (crossDomainHelpers.ts)"],"fullName":"handleAddChronicle (crossDomainHelpers.ts) merges with an existing campaign if name matches","status":"passed","title":"merges with an existing campaign if name matches","duration":1.1950000000001637,"failureMessages":[],"meta":{},"tags":[]},{"ancestorTitles":["handleAddChronicle (crossDomainHelpers.ts)"],"fullName":"handleAddChronicle (crossDomainHelpers.ts) correctly maps entity relations","status":"passed","title":"correctly maps entity relations","duration":0.5561999999999898,"failureMessages":[],"meta":{},"tags":[]}],"startTime":1774981290818,"endTime":1774981290824.5562,"status":"passed","message":"","name":"C:/Projet_David/GM-OS-v5/src/modules/session/logic/crossDomainHelpers.test.ts"},{"assertionResults":[{"ancestorTitles":["DeckInterpreter","calculateAspectRatio"],"fullName":"DeckInterpreter calculateAspectRatio should return correct portrait poker ratio","status":"passed","title":"should return correct portrait poker ratio","duration":0.9092000000000553,"failureMessages":[],"meta":{},"tags":[]},{"ancestorTitles":["DeckInterpreter","calculateAspectRatio"],"fullName":"DeckInterpreter calculateAspectRatio should return correct landscape poker ratio","status":"passed","title":"should return correct landscape poker ratio","duration":0.16160000000013497,"failureMessages":[],"meta":{},"tags":[]},{"ancestorTitles":["DeckInterpreter","calculateAspectRatio"],"fullName":"DeckInterpreter calculateAspectRatio should return correct tarot ratio","status":"passed","title":"should return correct tarot ratio","duration":0.1610000000000582,"failureMessages":[],"meta":{},"tags":[]},{"ancestorTitles":["DeckInterpreter","initializeIndices"],"fullName":"DeckInterpreter initializeIndices should create a shuffled array of indices","status":"failed","title":"should create a shuffled array of indices","duration":4.432499999999891,"failureMessages":["AssertionError: expected [] to have a length of 54 but got +0\n    at Proxy.<anonymous> (file:///C:/Projet_David/GM-OS-v5/node_modules/@vitest/expect/dist/index.js:1384:20)\n    at Proxy.<anonymous> (file:///C:/Projet_David/GM-OS-v5/node_modules/@vitest/expect/dist/index.js:1151:15)\n    at Proxy.methodWrapper (file:///C:/Projet_David/GM-OS-v5/node_modules/chai/index.js:1700:25)\n    at C:/Projet_David/GM-OS-v5/src/modules/session/logic/DeckInterpreter.test.ts:22:29\n    at file:///C:/Projet_David/GM-OS-v5/node_modules/@vitest/runner/dist/index.js:296:11\n    at file:///C:/Projet_David/GM-OS-v5/node_modules/@vitest/runner/dist/index.js:1258:26\n    at file:///C:/Projet_David/GM-OS-v5/node_modules/@vitest/runner/dist/index.js:1681:20\n    at new Promise (<anonymous>)\n    at runWithCancel (file:///C:/Projet_David/GM-OS-v5/node_modules/@vitest/runner/dist/index.js:1678:10)\n    at file:///C:/Projet_David/GM-OS-v5/node_modules/@vitest/runner/dist/index.js:1660:20"],"meta":{},"tags":[]},{"ancestorTitles":["DeckInterpreter","draw"],"fullName":"DeckInterpreter draw should draw the first card and return the rest","status":"passed","title":"should draw the first card and return the rest","duration":0.604200000000219,"failureMessages":[],"meta":{},"tags":[]},{"ancestorTitles":["DeckInterpreter","draw"],"fullName":"DeckInterpreter draw should return null if no cards left","status":"passed","title":"should return null if no cards left","duration":0.1716999999998734,"failureMessages":[],"meta":{},"tags":[]}],"startTime":1774981290787,"endTime":1774981290793.6042,"status":"failed","message":"","name":"C:/Projet_David/GM-OS-v5/src/modules/session/logic/DeckInterpreter.test.ts"},{"assertionResults":[{"ancestorTitles":["socialNexusUtils","prepareSocialGraphData"],"fullName":"socialNexusUtils prepareSocialGraphData should correctly filter by campaignId","status":"passed","title":"should correctly filter by campaignId","duration":1.564200000000028,"failureMessages":[],"meta":{},"tags":[]},{"ancestorTitles":["socialNexusUtils","prepareSocialGraphData"],"fullName":"socialNexusUtils prepareSocialGraphData should return empty data if campaignId is null","status":"passed","title":"should return empty data if campaignId is null","duration":0.21229999999991378,"failureMessages":[],"meta":{},"tags":[]},{"ancestorTitles":["socialNexusUtils","prepareSocialGraphData"],"fullName":"socialNexusUtils prepareSocialGraphData should filter by relation type","status":"passed","title":"should filter by relation type","duration":0.2977000000000771,"failureMessages":[],"meta":{},"tags":[]},{"ancestorTitles":["socialNexusUtils","prepareSocialGraphData"],"fullName":"socialNexusUtils prepareSocialGraphData should filter by faction","status":"passed","title":"should filter by faction","duration":0.2216000000000804,"failureMessages":[],"meta":{},"tags":[]},{"ancestorTitles":["socialNexusUtils","prepareSocialGraphData"],"fullName":"socialNexusUtils prepareSocialGraphData should filter by search query (name or faction)","status":"passed","title":"should filter by search query (name or faction)","duration":0.2862999999999829,"failureMessages":[],"meta":{},"tags":[]},{"ancestorTitles":["socialNexusUtils","getUniqueFactions"],"fullName":"socialNexusUtils getUniqueFactions should return sorted unique factions","status":"passed","title":"should return sorted unique factions","duration":0.4840999999998985,"failureMessages":[],"meta":{},"tags":[]},{"ancestorTitles":["socialNexusUtils","getUniqueFactions"],"fullName":"socialNexusUtils getUniqueFactions should return empty array if no campaignId","status":"passed","title":"should return empty array if no campaignId","duration":0.11320000000000618,"failureMessages":[],"meta":{},"tags":[]}],"startTime":1774981291659,"endTime":1774981291663.1133,"status":"passed","message":"","name":"C:/Projet_David/GM-OS-v5/src/modules/session/logic/socialNexusUtils.test.ts"},{"assertionResults":[{"ancestorTitles":["syncHealthSystem (entitySlice.ts)"],"fullName":"syncHealthSystem (entitySlice.ts) creates a new health system correctly if none exists","status":"passed","title":"creates a new health system correctly if none exists","duration":1.087099999999964,"failureMessages":[],"meta":{},"tags":[]},{"ancestorTitles":["syncHealthSystem (entitySlice.ts)"],"fullName":"syncHealthSystem (entitySlice.ts) updates an existing hp health system correctly","status":"passed","title":"updates an existing hp health system correctly","duration":0.2112000000001899,"failureMessages":[],"meta":{},"tags":[]},{"ancestorTitles":["syncHealthSystem (entitySlice.ts)"],"fullName":"syncHealthSystem (entitySlice.ts) returns critical when hp is below 25%","status":"passed","title":"returns critical when hp is below 25%","duration":0.1529000000000451,"failureMessages":[],"meta":{},"tags":[]},{"ancestorTitles":["syncHealthSystem (entitySlice.ts)"],"fullName":"syncHealthSystem (entitySlice.ts) returns dead when hp is 0","status":"passed","title":"returns dead when hp is 0","duration":0.1150000000000091,"failureMessages":[],"meta":{},"tags":[]},{"ancestorTitles":["syncHealthSystem (entitySlice.ts)"],"fullName":"syncHealthSystem (entitySlice.ts) does not override a non-hp system (e.g. clocks)","status":"passed","title":"does not override a non-hp system (e.g. clocks)","duration":0.11879999999996471,"failureMessages":[],"meta":{},"tags":[]}],"startTime":1774981291563,"endTime":1774981291564.2112,"status":"passed","message":"","name":"C:/Projet_David/GM-OS-v5/src/modules/session/store/entitySlice.test.ts"}]}
